d:\documents\ophidian\repositories\escapelizards\renderingnative\obj\x64\release\windowhandle.obj
d:\documents\ophidian\repositories\escapelizards\renderingnative\obj\x64\release\windowfactory.obj
d:\documents\ophidian\repositories\escapelizards\renderingnative\obj\x64\release\shadermanager.obj
d:\documents\ophidian\repositories\escapelizards\renderingnative\obj\x64\release\resourcefactory.obj
d:\documents\ophidian\repositories\escapelizards\renderingnative\obj\x64\release\renderpassmanager.obj
d:\documents\ophidian\repositories\escapelizards\renderingnative\obj\x64\release\devicefactory.obj
d:\documents\ophidian\repositories\escapelizards\renderingnative\obj\x64\release\contextfactory.obj
d:\documents\ophidian\repositories\escapelizards\renderingnative\obj\x64\release\vc120.pdb
d:\documents\ophidian\repositories\escapelizards\testdir\inst\bloomh.cso
d:\documents\ophidian\repositories\escapelizards\testdir\inst\bloomv.cso
d:\documents\ophidian\repositories\escapelizards\testdir\inst\blur.cso
d:\documents\ophidian\repositories\escapelizards\testdir\inst\copy.cso
d:\documents\ophidian\repositories\escapelizards\testdir\inst\copyreverse.cso
d:\documents\ophidian\repositories\escapelizards\testdir\inst\dlfinalfs.cso
d:\documents\ophidian\repositories\escapelizards\testdir\inst\dlgeometryfs.cso
d:\documents\ophidian\repositories\escapelizards\testdir\inst\dlgeometryfssky.cso
d:\documents\ophidian\repositories\escapelizards\testdir\inst\dlgeometryvs.cso
d:\documents\ophidian\repositories\escapelizards\testdir\inst\dlgeometryvssky.cso
d:\documents\ophidian\repositories\escapelizards\testdir\inst\dllightingfsbase.cso
d:\documents\ophidian\repositories\escapelizards\testdir\inst\dllightingfslights.cso
d:\documents\ophidian\repositories\escapelizards\testdir\inst\dof.cso
d:\documents\ophidian\repositories\escapelizards\testdir\inst\glow.cso
d:\documents\ophidian\repositories\escapelizards\testdir\inst\hudfs.cso
d:\documents\ophidian\repositories\escapelizards\testdir\inst\hudfstext.cso
d:\documents\ophidian\repositories\escapelizards\testdir\inst\hudvs.cso
d:\documents\ophidian\repositories\escapelizards\testdir\inst\outliner.cso
d:\documents\ophidian\repositories\escapelizards\testdir\inst\outlinernoop.cso
d:\documents\ophidian\repositories\escapelizards\testdir\inst\shadowfs.cso
d:\documents\ophidian\repositories\escapelizards\testdir\inst\shadowvs.cso
d:\documents\ophidian\repositories\escapelizards\testdir\inst\unlitvssky.cso
d:\documents\ophidian\repositories\escapelizards\testdir\inst\dllightingfs.cso
d:\documents\ophidian\repositories\escapelizards\testdir\inst\dllightingvs.cso
d:\documents\ophidian\repositories\escapelizards\testdir\inst\tests\simplefs.cso
d:\documents\ophidian\repositories\escapelizards\testdir\inst\tests\simplevs.cso
d:\documents\ophidian\repositories\escapelizards\testdir\inst\unlitfs.cso
d:\documents\ophidian\repositories\escapelizards\testdir\inst\unlitvs.cso
d:\documents\ophidian\repositories\escapelizards\output\64-bit\release\renderingnative.dll
d:\documents\ophidian\repositories\escapelizards\output\64-bit\release\renderingnative.lib
d:\documents\ophidian\repositories\escapelizards\output\64-bit\release\renderingnative.exp
d:\documents\ophidian\repositories\escapelizards\renderingnative\obj\x64\release\renderingnative.tlog\cl.command.1.tlog
d:\documents\ophidian\repositories\escapelizards\renderingnative\obj\x64\release\renderingnative.tlog\cl.read.1.tlog
d:\documents\ophidian\repositories\escapelizards\renderingnative\obj\x64\release\renderingnative.tlog\cl.write.1.tlog
d:\documents\ophidian\repositories\escapelizards\renderingnative\obj\x64\release\renderingnative.tlog\fxc.command.1.tlog
d:\documents\ophidian\repositories\escapelizards\renderingnative\obj\x64\release\renderingnative.tlog\fxc.read.1.tlog
d:\documents\ophidian\repositories\escapelizards\renderingnative\obj\x64\release\renderingnative.tlog\fxc.write.1.tlog
d:\documents\ophidian\repositories\escapelizards\renderingnative\obj\x64\release\renderingnative.tlog\link.command.1.tlog
d:\documents\ophidian\repositories\escapelizards\renderingnative\obj\x64\release\renderingnative.tlog\link.read.1.tlog
d:\documents\ophidian\repositories\escapelizards\renderingnative\obj\x64\release\renderingnative.tlog\link.write.1.tlog
d:\documents\ophidian\repositories\escapelizards\renderingnative\obj\x64\release\renderingnative.tlog\renderingnative.write.1u.tlog
