d:\documents\ophidian\repositories\escapelizards\renderingnative\obj\win32\debug\vc120.pdb
d:\documents\ophidian\repositories\escapelizards\renderingnative\obj\win32\debug\vc120.idb
d:\documents\ophidian\repositories\escapelizards\renderingnative\obj\win32\debug\contextfactory.obj
d:\documents\ophidian\repositories\escapelizards\renderingnative\obj\win32\debug\devicefactory.obj
d:\documents\ophidian\repositories\escapelizards\renderingnative\obj\win32\debug\renderpassmanager.obj
d:\documents\ophidian\repositories\escapelizards\renderingnative\obj\win32\debug\resourcefactory.obj
d:\documents\ophidian\repositories\escapelizards\renderingnative\obj\win32\debug\shadermanager.obj
d:\documents\ophidian\repositories\escapelizards\renderingnative\obj\win32\debug\windowfactory.obj
d:\documents\ophidian\repositories\escapelizards\renderingnative\obj\win32\debug\windowhandle.obj
d:\documents\ophidian\repositories\escapelizards\testdir\inst\bloomh.cso
d:\documents\ophidian\repositories\escapelizards\testdir\inst\bloomv.cso
d:\documents\ophidian\repositories\escapelizards\testdir\inst\blur.cso
d:\documents\ophidian\repositories\escapelizards\testdir\inst\copy.cso
d:\documents\ophidian\repositories\escapelizards\testdir\inst\copyreverse.cso
d:\documents\ophidian\repositories\escapelizards\testdir\inst\dlfinalfs.cso
d:\documents\ophidian\repositories\escapelizards\testdir\inst\dlgeometryfs.cso
d:\documents\ophidian\repositories\escapelizards\testdir\inst\dlgeometryfssky.cso
d:\documents\ophidian\repositories\escapelizards\testdir\inst\dlgeometryvs.cso
d:\documents\ophidian\repositories\escapelizards\testdir\inst\dlgeometryvssky.cso
d:\documents\ophidian\repositories\escapelizards\testdir\inst\dllightingfsbase.cso
d:\documents\ophidian\repositories\escapelizards\testdir\inst\dllightingfslights.cso
d:\documents\ophidian\repositories\escapelizards\testdir\inst\dof.cso
d:\documents\ophidian\repositories\escapelizards\testdir\inst\glow.cso
d:\documents\ophidian\repositories\escapelizards\testdir\inst\hudfs.cso
d:\documents\ophidian\repositories\escapelizards\testdir\inst\hudfstext.cso
d:\documents\ophidian\repositories\escapelizards\testdir\inst\hudvs.cso
d:\documents\ophidian\repositories\escapelizards\testdir\inst\outliner.cso
d:\documents\ophidian\repositories\escapelizards\testdir\inst\outlinernoop.cso
d:\documents\ophidian\repositories\escapelizards\testdir\inst\shadowfs.cso
d:\documents\ophidian\repositories\escapelizards\testdir\inst\shadowvs.cso
d:\documents\ophidian\repositories\escapelizards\testdir\inst\unlitvssky.cso
d:\documents\ophidian\repositories\escapelizards\testdir\inst\dllightingfs.cso
d:\documents\ophidian\repositories\escapelizards\testdir\inst\dllightingvs.cso
d:\documents\ophidian\repositories\escapelizards\testdir\inst\tests\simplefs.cso
d:\documents\ophidian\repositories\escapelizards\testdir\inst\tests\simplevs.cso
d:\documents\ophidian\repositories\escapelizards\testdir\inst\unlitfs.cso
d:\documents\ophidian\repositories\escapelizards\testdir\inst\unlitvs.cso
d:\documents\ophidian\repositories\escapelizards\output\32-bit\debug\renderingnative.ilk
d:\documents\ophidian\repositories\escapelizards\output\32-bit\debug\renderingnative.dll
d:\documents\ophidian\repositories\escapelizards\output\32-bit\debug\renderingnative.pdb
d:\documents\ophidian\repositories\escapelizards\output\32-bit\debug\renderingnative.lib
d:\documents\ophidian\repositories\escapelizards\output\32-bit\debug\renderingnative.exp
d:\documents\ophidian\repositories\escapelizards\renderingnative\obj\win32\debug\renderingnative.tlog\cl.command.1.tlog
d:\documents\ophidian\repositories\escapelizards\renderingnative\obj\win32\debug\renderingnative.tlog\cl.read.1.tlog
d:\documents\ophidian\repositories\escapelizards\renderingnative\obj\win32\debug\renderingnative.tlog\cl.write.1.tlog
d:\documents\ophidian\repositories\escapelizards\renderingnative\obj\win32\debug\renderingnative.tlog\fxc.command.1.tlog
d:\documents\ophidian\repositories\escapelizards\renderingnative\obj\win32\debug\renderingnative.tlog\fxc.read.1.tlog
d:\documents\ophidian\repositories\escapelizards\renderingnative\obj\win32\debug\renderingnative.tlog\fxc.write.1.tlog
d:\documents\ophidian\repositories\escapelizards\renderingnative\obj\win32\debug\renderingnative.tlog\link.command.1.tlog
d:\documents\ophidian\repositories\escapelizards\renderingnative\obj\win32\debug\renderingnative.tlog\link.read.1.tlog
d:\documents\ophidian\repositories\escapelizards\renderingnative\obj\win32\debug\renderingnative.tlog\link.write.1.tlog
d:\documents\ophidian\repositories\escapelizards\renderingnative\obj\win32\debug\renderingnative.tlog\renderingnative.write.1u.tlog
