d:\documents\ophidian\repositories\losgap\renderingnative\obj\x64\debug\vc120.pdb
d:\documents\ophidian\repositories\losgap\renderingnative\obj\x64\debug\vc120.idb
d:\documents\ophidian\repositories\losgap\renderingnative\obj\x64\debug\contextfactory.obj
d:\documents\ophidian\repositories\losgap\renderingnative\obj\x64\debug\devicefactory.obj
d:\documents\ophidian\repositories\losgap\renderingnative\obj\x64\debug\renderpassmanager.obj
d:\documents\ophidian\repositories\losgap\renderingnative\obj\x64\debug\resourcefactory.obj
d:\documents\ophidian\repositories\losgap\renderingnative\obj\x64\debug\shadermanager.obj
d:\documents\ophidian\repositories\losgap\renderingnative\obj\x64\debug\windowfactory.obj
d:\documents\ophidian\repositories\losgap\renderingnative\obj\x64\debug\windowhandle.obj
d:\documents\ophidian\repositories\losgap\testdir\inst\dlgeometryfs.cso
d:\documents\ophidian\repositories\losgap\testdir\inst\dlgeometryvs.cso
d:\documents\ophidian\repositories\losgap\testdir\inst\hudfs.cso
d:\documents\ophidian\repositories\losgap\testdir\inst\hudvs.cso
d:\documents\ophidian\repositories\losgap\testdir\inst\unlitvssky.cso
d:\documents\ophidian\repositories\losgap\testdir\inst\dllightingfs.cso
d:\documents\ophidian\repositories\losgap\testdir\inst\dllightingvs.cso
d:\documents\ophidian\repositories\losgap\testdir\inst\tests\simplefs.cso
d:\documents\ophidian\repositories\losgap\testdir\inst\tests\simplevs.cso
d:\documents\ophidian\repositories\losgap\testdir\inst\unlitfs.cso
d:\documents\ophidian\repositories\losgap\testdir\inst\unlitvs.cso
d:\documents\ophidian\repositories\losgap\output\64-bit\debug\renderingnative.ilk
d:\documents\ophidian\repositories\losgap\output\64-bit\debug\renderingnative.dll
d:\documents\ophidian\repositories\losgap\output\64-bit\debug\renderingnative.pdb
d:\documents\ophidian\repositories\losgap\output\64-bit\debug\renderingnative.lib
d:\documents\ophidian\repositories\losgap\output\64-bit\debug\renderingnative.exp
d:\documents\ophidian\repositories\escapelizards\renderingnative\obj\x64\debug\contextfactory.obj
d:\documents\ophidian\repositories\escapelizards\renderingnative\obj\x64\debug\devicefactory.obj
d:\documents\ophidian\repositories\escapelizards\renderingnative\obj\x64\debug\renderpassmanager.obj
d:\documents\ophidian\repositories\escapelizards\renderingnative\obj\x64\debug\resourcefactory.obj
d:\documents\ophidian\repositories\escapelizards\renderingnative\obj\x64\debug\shadermanager.obj
d:\documents\ophidian\repositories\escapelizards\renderingnative\obj\x64\debug\windowfactory.obj
d:\documents\ophidian\repositories\escapelizards\renderingnative\obj\x64\debug\windowhandle.obj
d:\documents\ophidian\repositories\escapelizards\renderingnative\obj\x64\debug\vc120.idb
d:\documents\ophidian\repositories\escapelizards\renderingnative\obj\x64\debug\vc120.pdb
d:\documents\ophidian\repositories\escapelizards\renderingnative\obj\x64\debug\renderingnative.tlog\cl.command.1.tlog
d:\documents\ophidian\repositories\escapelizards\renderingnative\obj\x64\debug\renderingnative.tlog\cl.read.1.tlog
d:\documents\ophidian\repositories\escapelizards\renderingnative\obj\x64\debug\renderingnative.tlog\cl.write.1.tlog
d:\documents\ophidian\repositories\escapelizards\renderingnative\obj\x64\debug\renderingnative.tlog\fxc.command.1.tlog
d:\documents\ophidian\repositories\escapelizards\renderingnative\obj\x64\debug\renderingnative.tlog\fxc.read.1.tlog
d:\documents\ophidian\repositories\escapelizards\renderingnative\obj\x64\debug\renderingnative.tlog\fxc.write.1.tlog
d:\documents\ophidian\repositories\escapelizards\renderingnative\obj\x64\debug\renderingnative.tlog\link.command.1.tlog
d:\documents\ophidian\repositories\escapelizards\renderingnative\obj\x64\debug\renderingnative.tlog\link.read.1.tlog
d:\documents\ophidian\repositories\escapelizards\renderingnative\obj\x64\debug\renderingnative.tlog\link.write.1.tlog
d:\documents\ophidian\repositories\escapelizards\renderingnative\obj\x64\debug\renderingnative.tlog\renderingnative.write.1u.tlog
