d:\documents\ophidian\repositories\losgap\renderingnative\obj\x64\development\vc120.pdb
d:\documents\ophidian\repositories\losgap\renderingnative\obj\x64\development\vc120.idb
d:\documents\ophidian\repositories\losgap\renderingnative\obj\x64\development\contextfactory.obj
d:\documents\ophidian\repositories\losgap\renderingnative\obj\x64\development\devicefactory.obj
d:\documents\ophidian\repositories\losgap\renderingnative\obj\x64\development\renderpassmanager.obj
d:\documents\ophidian\repositories\losgap\renderingnative\obj\x64\development\resourcefactory.obj
d:\documents\ophidian\repositories\losgap\renderingnative\obj\x64\development\shadermanager.obj
d:\documents\ophidian\repositories\losgap\renderingnative\obj\x64\development\windowfactory.obj
d:\documents\ophidian\repositories\losgap\renderingnative\obj\x64\development\windowhandle.obj
d:\documents\ophidian\repositories\losgap\testdir\inst\defaultfs.cso
d:\documents\ophidian\repositories\losgap\testdir\inst\defaultvs.cso
d:\documents\ophidian\repositories\losgap\testdir\inst\tests\simplefs.cso
d:\documents\ophidian\repositories\losgap\testdir\inst\tests\simplevs.cso
d:\documents\ophidian\repositories\losgap\renderingnative\obj\x64\development\renderingnative.tlog\cl.command.1.tlog
d:\documents\ophidian\repositories\losgap\renderingnative\obj\x64\development\renderingnative.tlog\cl.read.1.tlog
d:\documents\ophidian\repositories\losgap\renderingnative\obj\x64\development\renderingnative.tlog\cl.write.1.tlog
d:\documents\ophidian\repositories\losgap\renderingnative\obj\x64\development\renderingnative.tlog\fxc.command.1.tlog
d:\documents\ophidian\repositories\losgap\renderingnative\obj\x64\development\renderingnative.tlog\fxc.read.1.tlog
d:\documents\ophidian\repositories\losgap\renderingnative\obj\x64\development\renderingnative.tlog\fxc.write.1.tlog
d:\documents\ophidian\repositories\losgap\renderingnative\obj\x64\development\renderingnative.tlog\link.3480.read.1.tlog
d:\documents\ophidian\repositories\losgap\renderingnative\obj\x64\development\renderingnative.tlog\link.3480.write.1.tlog
d:\documents\ophidian\repositories\losgap\renderingnative\obj\x64\development\renderingnative.tlog\link.command.1.tlog
d:\documents\ophidian\repositories\losgap\renderingnative\obj\x64\development\renderingnative.tlog\link.read.1.tlog
d:\documents\ophidian\repositories\losgap\renderingnative\obj\x64\development\renderingnative.tlog\link.write.1.tlog
d:\documents\ophidian\repositories\losgap\renderingnative\obj\x64\development\renderingnative.tlog\renderingnative.write.1u.tlog
