d:\documents\ophidian\repositories\losgap\renderingnative\obj\win32\development\vc120.pdb
d:\documents\ophidian\repositories\losgap\renderingnative\obj\win32\development\vc120.idb
d:\documents\ophidian\repositories\losgap\renderingnative\obj\win32\development\contextfactory.obj
d:\documents\ophidian\repositories\losgap\renderingnative\obj\win32\development\devicefactory.obj
d:\documents\ophidian\repositories\losgap\renderingnative\obj\win32\development\renderpassmanager.obj
d:\documents\ophidian\repositories\losgap\renderingnative\obj\win32\development\resourcefactory.obj
d:\documents\ophidian\repositories\losgap\renderingnative\obj\win32\development\shadermanager.obj
d:\documents\ophidian\repositories\losgap\renderingnative\obj\win32\development\windowfactory.obj
d:\documents\ophidian\repositories\losgap\renderingnative\obj\win32\development\windowhandle.obj
d:\documents\ophidian\repositories\losgap\testdir\inst\dlgeometryfs.cso
d:\documents\ophidian\repositories\losgap\testdir\inst\dlgeometryvs.cso
d:\documents\ophidian\repositories\losgap\testdir\inst\dllightingfs.cso
d:\documents\ophidian\repositories\losgap\testdir\inst\dllightingvs.cso
d:\documents\ophidian\repositories\losgap\testdir\inst\tests\simplefs.cso
d:\documents\ophidian\repositories\losgap\testdir\inst\tests\simplevs.cso
d:\documents\ophidian\repositories\losgap\testdir\inst\unlitfs.cso
d:\documents\ophidian\repositories\losgap\testdir\inst\unlitvs.cso
d:\documents\ophidian\repositories\losgap\output\32-bit\development\renderingnative.ilk
d:\documents\ophidian\repositories\losgap\output\32-bit\development\renderingnative.dll
d:\documents\ophidian\repositories\losgap\output\32-bit\development\renderingnative.pdb
d:\documents\ophidian\repositories\losgap\output\32-bit\development\renderingnative.lib
d:\documents\ophidian\repositories\losgap\output\32-bit\development\renderingnative.exp
d:\documents\ophidian\repositories\losgap\renderingnative\obj\win32\development\renderingnative.tlog\cl.command.1.tlog
d:\documents\ophidian\repositories\losgap\renderingnative\obj\win32\development\renderingnative.tlog\cl.read.1.tlog
d:\documents\ophidian\repositories\losgap\renderingnative\obj\win32\development\renderingnative.tlog\cl.write.1.tlog
d:\documents\ophidian\repositories\losgap\renderingnative\obj\win32\development\renderingnative.tlog\fxc.command.1.tlog
d:\documents\ophidian\repositories\losgap\renderingnative\obj\win32\development\renderingnative.tlog\fxc.read.1.tlog
d:\documents\ophidian\repositories\losgap\renderingnative\obj\win32\development\renderingnative.tlog\fxc.write.1.tlog
d:\documents\ophidian\repositories\losgap\renderingnative\obj\win32\development\renderingnative.tlog\link.command.1.tlog
d:\documents\ophidian\repositories\losgap\renderingnative\obj\win32\development\renderingnative.tlog\link.read.1.tlog
d:\documents\ophidian\repositories\losgap\renderingnative\obj\win32\development\renderingnative.tlog\link.write.1.tlog
d:\documents\ophidian\repositories\losgap\renderingnative\obj\win32\development\renderingnative.tlog\renderingnative.write.1u.tlog
